2025-06-04 11:16:16,689 - ERROR - An error occurred: [Errno 22] Invalid argument
2025-06-05 17:23:18,031 - ERROR - An error occurred while closing cookie term Message: no such element: Unable to locate element: {"method":"css selector","selector":"._42ft._4jy0._al65._4jy3._4jy1.selected._51sy"}
  (Session info: chrome=137.0.7151.68); For documentation on this error, please visit: https://www.selenium.dev/documentation/webdriver/troubleshooting/errors#no-such-element-exception
Stacktrace:
	GetHandleVerifier [0x0x7ff6b1d9fea5+79173]
	GetHandleVerifier [0x0x7ff6b1d9ff00+79264]
	(No symbol) [0x0x7ff6b1b59e5a]
	(No symbol) [0x0x7ff6b1bb0586]
	(No symbol) [0x0x7ff6b1bb083c]
	(No symbol) [0x0x7ff6b1c04247]
	(No symbol) [0x0x7ff6b1bd89af]
	(No symbol) [0x0x7ff6b1c0100d]
	(No symbol) [0x0x7ff6b1bd8743]
	(No symbol) [0x0x7ff6b1ba14c1]
	(No symbol) [0x0x7ff6b1ba2253]
	GetHandleVerifier [0x0x7ff6b206a2dd+3004797]
	GetHandleVerifier [0x0x7ff6b206472d+2981325]
	GetHandleVerifier [0x0x7ff6b2083380+3107360]
	GetHandleVerifier [0x0x7ff6b1dbaa2e+188622]
	GetHandleVerifier [0x0x7ff6b1dc22bf+219487]
	GetHandleVerifier [0x0x7ff6b1da8df4+115860]
	GetHandleVerifier [0x0x7ff6b1da8fa9+116297]
	GetHandleVerifier [0x0x7ff6b1d8f558+11256]
	BaseThreadInitThunk [0x0x7ff9b356e8d7+23]
	RtlUserThreadStart [0x0x7ff9b413c5dc+44]

2025-06-05 17:23:28,870 - ERROR - An Error occurred while logging in: Message: 
Stacktrace:
	GetHandleVerifier [0x0x7ff6b1d9fea5+79173]
	GetHandleVerifier [0x0x7ff6b1d9ff00+79264]
	(No symbol) [0x0x7ff6b1b59e5a]
	(No symbol) [0x0x7ff6b1bb0586]
	(No symbol) [0x0x7ff6b1bb083c]
	(No symbol) [0x0x7ff6b1c04247]
	(No symbol) [0x0x7ff6b1bd89af]
	(No symbol) [0x0x7ff6b1c0100d]
	(No symbol) [0x0x7ff6b1bd8743]
	(No symbol) [0x0x7ff6b1ba14c1]
	(No symbol) [0x0x7ff6b1ba2253]
	GetHandleVerifier [0x0x7ff6b206a2dd+3004797]
	GetHandleVerifier [0x0x7ff6b206472d+2981325]
	GetHandleVerifier [0x0x7ff6b2083380+3107360]
	GetHandleVerifier [0x0x7ff6b1dbaa2e+188622]
	GetHandleVerifier [0x0x7ff6b1dc22bf+219487]
	GetHandleVerifier [0x0x7ff6b1da8df4+115860]
	GetHandleVerifier [0x0x7ff6b1da8fa9+116297]
	GetHandleVerifier [0x0x7ff6b1d8f558+11256]
	BaseThreadInitThunk [0x0x7ff9b356e8d7+23]
	RtlUserThreadStart [0x0x7ff9b413c5dc+44]

2025-06-05 17:24:00,482 - ERROR - An error occurred while closing cookie term Message: no such element: Unable to locate element: {"method":"css selector","selector":"._42ft._4jy0._al65._4jy3._4jy1.selected._51sy"}
  (Session info: chrome=137.0.7151.68); For documentation on this error, please visit: https://www.selenium.dev/documentation/webdriver/troubleshooting/errors#no-such-element-exception
Stacktrace:
	GetHandleVerifier [0x0x7ff6b1d9fea5+79173]
	GetHandleVerifier [0x0x7ff6b1d9ff00+79264]
	(No symbol) [0x0x7ff6b1b59e5a]
	(No symbol) [0x0x7ff6b1bb0586]
	(No symbol) [0x0x7ff6b1bb083c]
	(No symbol) [0x0x7ff6b1c04247]
	(No symbol) [0x0x7ff6b1bd89af]
	(No symbol) [0x0x7ff6b1c0100d]
	(No symbol) [0x0x7ff6b1bd8743]
	(No symbol) [0x0x7ff6b1ba14c1]
	(No symbol) [0x0x7ff6b1ba2253]
	GetHandleVerifier [0x0x7ff6b206a2dd+3004797]
	GetHandleVerifier [0x0x7ff6b206472d+2981325]
	GetHandleVerifier [0x0x7ff6b2083380+3107360]
	GetHandleVerifier [0x0x7ff6b1dbaa2e+188622]
	GetHandleVerifier [0x0x7ff6b1dc22bf+219487]
	GetHandleVerifier [0x0x7ff6b1da8df4+115860]
	GetHandleVerifier [0x0x7ff6b1da8fa9+116297]
	GetHandleVerifier [0x0x7ff6b1d8f558+11256]
	BaseThreadInitThunk [0x0x7ff9b356e8d7+23]
	RtlUserThreadStart [0x0x7ff9b413c5dc+44]

2025-06-05 17:24:11,436 - ERROR - An Error occurred while logging in: Message: 
Stacktrace:
	GetHandleVerifier [0x0x7ff6b1d9fea5+79173]
	GetHandleVerifier [0x0x7ff6b1d9ff00+79264]
	(No symbol) [0x0x7ff6b1b59e5a]
	(No symbol) [0x0x7ff6b1bb0586]
	(No symbol) [0x0x7ff6b1bb083c]
	(No symbol) [0x0x7ff6b1c04247]
	(No symbol) [0x0x7ff6b1bd89af]
	(No symbol) [0x0x7ff6b1c0100d]
	(No symbol) [0x0x7ff6b1bd8743]
	(No symbol) [0x0x7ff6b1ba14c1]
	(No symbol) [0x0x7ff6b1ba2253]
	GetHandleVerifier [0x0x7ff6b206a2dd+3004797]
	GetHandleVerifier [0x0x7ff6b206472d+2981325]
	GetHandleVerifier [0x0x7ff6b2083380+3107360]
	GetHandleVerifier [0x0x7ff6b1dbaa2e+188622]
	GetHandleVerifier [0x0x7ff6b1dc22bf+219487]
	GetHandleVerifier [0x0x7ff6b1da8df4+115860]
	GetHandleVerifier [0x0x7ff6b1da8fa9+116297]
	GetHandleVerifier [0x0x7ff6b1d8f558+11256]
	BaseThreadInitThunk [0x0x7ff9b356e8d7+23]
	RtlUserThreadStart [0x0x7ff9b413c5dc+44]

2025-06-05 17:27:31,335 - ERROR - An Error occurred while adding security code: Message: no such element: Unable to locate element: {"method":"xpath","selector":"//button[@type='submit']"}
  (Session info: chrome=137.0.7151.68); For documentation on this error, please visit: https://www.selenium.dev/documentation/webdriver/troubleshooting/errors#no-such-element-exception
Stacktrace:
	GetHandleVerifier [0x0x7ff6b1d9fea5+79173]
	GetHandleVerifier [0x0x7ff6b1d9ff00+79264]
	(No symbol) [0x0x7ff6b1b59e5a]
	(No symbol) [0x0x7ff6b1bb0586]
	(No symbol) [0x0x7ff6b1bb083c]
	(No symbol) [0x0x7ff6b1c04247]
	(No symbol) [0x0x7ff6b1bd89af]
	(No symbol) [0x0x7ff6b1c0100d]
	(No symbol) [0x0x7ff6b1bd8743]
	(No symbol) [0x0x7ff6b1ba14c1]
	(No symbol) [0x0x7ff6b1ba2253]
	GetHandleVerifier [0x0x7ff6b206a2dd+3004797]
	GetHandleVerifier [0x0x7ff6b206472d+2981325]
	GetHandleVerifier [0x0x7ff6b2083380+3107360]
	GetHandleVerifier [0x0x7ff6b1dbaa2e+188622]
	GetHandleVerifier [0x0x7ff6b1dc22bf+219487]
	GetHandleVerifier [0x0x7ff6b1da8df4+115860]
	GetHandleVerifier [0x0x7ff6b1da8fa9+116297]
	GetHandleVerifier [0x0x7ff6b1d8f558+11256]
	BaseThreadInitThunk [0x0x7ff9b356e8d7+23]
	RtlUserThreadStart [0x0x7ff9b413c5dc+44]

2025-06-05 17:27:31,378 - ERROR - An Error occurred while saving browser: Message: no such element: Unable to locate element: {"method":"xpath","selector":"//button[@type='submit']"}
  (Session info: chrome=137.0.7151.68); For documentation on this error, please visit: https://www.selenium.dev/documentation/webdriver/troubleshooting/errors#no-such-element-exception
Stacktrace:
	GetHandleVerifier [0x0x7ff6b1d9fea5+79173]
	GetHandleVerifier [0x0x7ff6b1d9ff00+79264]
	(No symbol) [0x0x7ff6b1b59e5a]
	(No symbol) [0x0x7ff6b1bb0586]
	(No symbol) [0x0x7ff6b1bb083c]
	(No symbol) [0x0x7ff6b1c04247]
	(No symbol) [0x0x7ff6b1bd89af]
	(No symbol) [0x0x7ff6b1c0100d]
	(No symbol) [0x0x7ff6b1bd8743]
	(No symbol) [0x0x7ff6b1ba14c1]
	(No symbol) [0x0x7ff6b1ba2253]
	GetHandleVerifier [0x0x7ff6b206a2dd+3004797]
	GetHandleVerifier [0x0x7ff6b206472d+2981325]
	GetHandleVerifier [0x0x7ff6b2083380+3107360]
	GetHandleVerifier [0x0x7ff6b1dbaa2e+188622]
	GetHandleVerifier [0x0x7ff6b1dc22bf+219487]
	GetHandleVerifier [0x0x7ff6b1da8df4+115860]
	GetHandleVerifier [0x0x7ff6b1da8fa9+116297]
	GetHandleVerifier [0x0x7ff6b1d8f558+11256]
	BaseThreadInitThunk [0x0x7ff9b356e8d7+23]
	RtlUserThreadStart [0x0x7ff9b413c5dc+44]

