2025-06-02 22:28:59,290 - ERROR - An error occurred while closing cookie term Message: no such element: Unable to locate element: {"method":"css selector","selector":"._42ft._4jy0._al65._4jy3._4jy1.selected._51sy"}
  (Session info: chrome=136.0.7103.114); For documentation on this error, please visit: https://www.selenium.dev/documentation/webdriver/troubleshooting/errors#no-such-element-exception
Stacktrace:
	GetHandleVerifier [0x00007FF683DBCF45+75717]
	GetHandleVerifier [0x00007FF683DBCFA0+75808]
	(No symbol) [0x00007FF683B88F9A]
	(No symbol) [0x00007FF683BDF4C6]
	(No symbol) [0x00007FF683BDF77C]
	(No symbol) [0x00007FF683C32577]
	(No symbol) [0x00007FF683C073BF]
	(No symbol) [0x00007FF683C2F39C]
	(No symbol) [0x00007FF683C07153]
	(No symbol) [0x00007FF683BD0421]
	(No symbol) [0x00007FF683BD11B3]
	GetHandleVerifier [0x00007FF6840BD71D+3223453]
	GetHandleVerifier [0x00007FF6840B7CC2+3200322]
	GetHandleVerifier [0x00007FF6840D5AF3+3322739]
	GetHandleVerifier [0x00007FF683DD6A1A+180890]
	GetHandleVerifier [0x00007FF683DDE11F+211359]
	GetHandleVerifier [0x00007FF683DC5294+109332]
	GetHandleVerifier [0x00007FF683DC5442+109762]
	GetHandleVerifier [0x00007FF683DABA59+4825]
	BaseThreadInitThunk [0x00007FF9B356E8D7+23]
	RtlUserThreadStart [0x00007FF9B413C5DC+44]

2025-06-02 22:29:50,199 - ERROR - An Error occurred while logging in: Message: 
Stacktrace:
	GetHandleVerifier [0x00007FF683DBCF45+75717]
	GetHandleVerifier [0x00007FF683DBCFA0+75808]
	(No symbol) [0x00007FF683B88F9A]
	(No symbol) [0x00007FF683BDF4C6]
	(No symbol) [0x00007FF683BDF77C]
	(No symbol) [0x00007FF683C32577]
	(No symbol) [0x00007FF683C073BF]
	(No symbol) [0x00007FF683C2F39C]
	(No symbol) [0x00007FF683C07153]
	(No symbol) [0x00007FF683BD0421]
	(No symbol) [0x00007FF683BD11B3]
	GetHandleVerifier [0x00007FF6840BD71D+3223453]
	GetHandleVerifier [0x00007FF6840B7CC2+3200322]
	GetHandleVerifier [0x00007FF6840D5AF3+3322739]
	GetHandleVerifier [0x00007FF683DD6A1A+180890]
	GetHandleVerifier [0x00007FF683DDE11F+211359]
	GetHandleVerifier [0x00007FF683DC5294+109332]
	GetHandleVerifier [0x00007FF683DC5442+109762]
	GetHandleVerifier [0x00007FF683DABA59+4825]
	BaseThreadInitThunk [0x00007FF9B356E8D7+23]
	RtlUserThreadStart [0x00007FF9B413C5DC+44]

2025-06-02 22:30:35,229 - ERROR - An Error occurred while adding security code: Message: no such element: Unable to locate element: {"method":"xpath","selector":"//button[@type='submit']"}
  (Session info: chrome=136.0.7103.114); For documentation on this error, please visit: https://www.selenium.dev/documentation/webdriver/troubleshooting/errors#no-such-element-exception
Stacktrace:
	GetHandleVerifier [0x00007FF683DBCF45+75717]
	GetHandleVerifier [0x00007FF683DBCFA0+75808]
	(No symbol) [0x00007FF683B88F9A]
	(No symbol) [0x00007FF683BDF4C6]
	(No symbol) [0x00007FF683BDF77C]
	(No symbol) [0x00007FF683C32577]
	(No symbol) [0x00007FF683C073BF]
	(No symbol) [0x00007FF683C2F39C]
	(No symbol) [0x00007FF683C07153]
	(No symbol) [0x00007FF683BD0421]
	(No symbol) [0x00007FF683BD11B3]
	GetHandleVerifier [0x00007FF6840BD71D+3223453]
	GetHandleVerifier [0x00007FF6840B7CC2+3200322]
	GetHandleVerifier [0x00007FF6840D5AF3+3322739]
	GetHandleVerifier [0x00007FF683DD6A1A+180890]
	GetHandleVerifier [0x00007FF683DDE11F+211359]
	GetHandleVerifier [0x00007FF683DC5294+109332]
	GetHandleVerifier [0x00007FF683DC5442+109762]
	GetHandleVerifier [0x00007FF683DABA59+4825]
	BaseThreadInitThunk [0x00007FF9B356E8D7+23]
	RtlUserThreadStart [0x00007FF9B413C5DC+44]

2025-06-02 22:30:35,303 - ERROR - An Error occurred while saving browser: Message: no such element: Unable to locate element: {"method":"xpath","selector":"//button[@type='submit']"}
  (Session info: chrome=136.0.7103.114); For documentation on this error, please visit: https://www.selenium.dev/documentation/webdriver/troubleshooting/errors#no-such-element-exception
Stacktrace:
	GetHandleVerifier [0x00007FF683DBCF45+75717]
	GetHandleVerifier [0x00007FF683DBCFA0+75808]
	(No symbol) [0x00007FF683B88F9A]
	(No symbol) [0x00007FF683BDF4C6]
	(No symbol) [0x00007FF683BDF77C]
	(No symbol) [0x00007FF683C32577]
	(No symbol) [0x00007FF683C073BF]
	(No symbol) [0x00007FF683C2F39C]
	(No symbol) [0x00007FF683C07153]
	(No symbol) [0x00007FF683BD0421]
	(No symbol) [0x00007FF683BD11B3]
	GetHandleVerifier [0x00007FF6840BD71D+3223453]
	GetHandleVerifier [0x00007FF6840B7CC2+3200322]
	GetHandleVerifier [0x00007FF6840D5AF3+3322739]
	GetHandleVerifier [0x00007FF683DD6A1A+180890]
	GetHandleVerifier [0x00007FF683DDE11F+211359]
	GetHandleVerifier [0x00007FF683DC5294+109332]
	GetHandleVerifier [0x00007FF683DC5442+109762]
	GetHandleVerifier [0x00007FF683DABA59+4825]
	BaseThreadInitThunk [0x00007FF9B356E8D7+23]
	RtlUserThreadStart [0x00007FF9B413C5DC+44]

